15:22:16 INFO  : Registering command handlers for SDK TCF services
15:22:18 INFO  : Launching XSCT server: xsct.bat -interactive D:\Projects\fast_inverse_square_root\fast_inverse_square_root.sdk\temp_xsdb_launch_script.tcl
15:22:23 INFO  : XSCT server has started successfully.
15:22:28 INFO  : Successfully done setting XSCT server connection channel  
15:22:28 INFO  : Processing command line option -hwspec D:/Projects/fast_inverse_square_root/fast_inverse_square_root.sdk/mb_fisr_wrapper.hdf.
15:22:29 INFO  : Successfully done setting SDK workspace  
23:17:09 INFO  : Registering command handlers for SDK TCF services
23:17:10 INFO  : Launching XSCT server: xsct.bat -interactive D:\Projects\fast_inverse_square_root\fast_inverse_square_root.sdk\temp_xsdb_launch_script.tcl
23:17:14 INFO  : XSCT server has started successfully.
23:17:14 INFO  : Successfully done setting XSCT server connection channel  
23:17:18 INFO  : Successfully done setting SDK workspace  
23:17:18 INFO  : Processing command line option -hwspec D:/Projects/fast_inverse_square_root/fast_inverse_square_root.sdk/fisr_fixed_acc_wrapper.hdf.
23:34:29 INFO  : Connected to target on host '127.0.0.1' and port '3121'.
23:34:29 INFO  : 'targets -set -filter {jtag_cable_name =~ "Digilent Zed 210248565339" && level==0} -index 1' command is executed.
23:34:32 INFO  : FPGA configured successfully with bitstream "D:/Projects/fast_inverse_square_root/fast_inverse_square_root.sdk/fisr_fixed_acc_wrapper_hw_platform_0/fisr_fixed_acc_wrapper.bit"
23:36:41 INFO  : Connected to target on host '127.0.0.1' and port '3121'.
23:36:42 INFO  : 'targets -set -filter {jtag_cable_name =~ "Digilent Zed 210248565339" && level==0} -index 1' command is executed.
23:36:44 INFO  : FPGA configured successfully with bitstream "D:/Projects/fast_inverse_square_root/fast_inverse_square_root.sdk/fisr_fixed_acc_wrapper_hw_platform_0/fisr_fixed_acc_wrapper.bit"
23:38:27 INFO  : Connected to target on host '127.0.0.1' and port '3121'.
23:38:27 INFO  : 'targets -set -filter {jtag_cable_name =~ "Digilent Zed 210248565339" && level==0} -index 1' command is executed.
23:38:30 INFO  : FPGA configured successfully with bitstream "D:/Projects/fast_inverse_square_root/fast_inverse_square_root.sdk/fisr_fixed_acc_wrapper_hw_platform_0/fisr_fixed_acc_wrapper.bit"
18:19:30 INFO  : Registering command handlers for SDK TCF services
18:19:31 INFO  : Launching XSCT server: xsct.bat -interactive D:\Projects\fast_inverse_square_root\fast_inverse_square_root.sdk\temp_xsdb_launch_script.tcl
18:19:34 INFO  : XSCT server has started successfully.
18:19:34 INFO  : Successfully done setting XSCT server connection channel  
18:19:35 INFO  : Successfully done setting SDK workspace  
18:19:35 INFO  : Processing command line option -hwspec D:/Projects/fast_inverse_square_root/fast_inverse_square_root.sdk/mb_fisr_wrapper.hdf.
