#-----------------------------------------------------------
# Vivado v2018.3 (64-bit)
# SW Build 2405991 on Thu Dec  6 23:38:27 MST 2018
# IP Build 2404404 on Fri Dec  7 01:43:56 MST 2018
# Start of session at: Thu Jun 10 12:22:44 2021
# Process ID: 17500
# Current directory: C:/Users/Kinga/Desktop/fast_inverse_square_root_K_B/fast_invrse_square_root_kb/fast_inverse_square_root
# Command line: vivado.exe -gui_launcher_event rodinguilauncherevent4764 C:\Users\Kinga\Desktop\fast_inverse_square_root_K_B\fast_invrse_square_root_kb\fast_inverse_square_root\fast_inverse_square_root.xpr
# Log file: C:/Users/Kinga/Desktop/fast_inverse_square_root_K_B/fast_invrse_square_root_kb/fast_inverse_square_root/vivado.log
# Journal file: C:/Users/Kinga/Desktop/fast_inverse_square_root_K_B/fast_invrse_square_root_kb/fast_inverse_square_root\vivado.jou
#-----------------------------------------------------------
start_gui
open_project C:/Users/Kinga/Desktop/fast_inverse_square_root_K_B/fast_invrse_square_root_kb/fast_inverse_square_root/fast_inverse_square_root.xpr
INFO: [ProjectBase 1-489] The host OS only allows 260 characters in a normal path. The project is stored in a path with more than 80 characters. If you experience issues with IP, Block Designs, or files not being found, please consider moving the project to a location with a shorter path. Alternately consider using the OS subst command to map part of the path to a drive letter.
Current project path is 'C:/Users/Kinga/Desktop/fast_inverse_square_root_K_B/fast_invrse_square_root_kb/fast_inverse_square_root'
Scanning sources...
Finished scanning sources
INFO: [IP_Flow 19-234] Refreshing IP repositories
INFO: [IP_Flow 19-1704] No user IP repositories specified
INFO: [IP_Flow 19-2313] Loaded Vivado IP repository 'C:/Xilinx/Vivado/2018.3/data/ip'.
open_project: Time (s): cpu = 00:00:33 ; elapsed = 00:00:22 . Memory (MB): peak = 669.008 ; gain = 105.004
update_compile_order -fileset sources_1
exit
INFO: [Common 17-206] Exiting Vivado at Thu Jun 10 17:27:43 2021...
