#-----------------------------------------------------------
# Vivado v2018.3 (64-bit)
# SW Build 2405991 on Thu Dec  6 23:38:27 MST 2018
# IP Build 2404404 on Fri Dec  7 01:43:56 MST 2018
# Start of session at: Thu Jun 10 20:27:40 2021
# Process ID: 13596
# Current directory: D:/Projects/fast_inverse_square_root_K_B/fast_invrse_square_root_kb/fast_inverse_square_root
# Command line: vivado.exe -gui_launcher_event rodinguilauncherevent2492 D:\Projects\fast_inverse_square_root_K_B\fast_invrse_square_root_kb\fast_inverse_square_root\fast_inverse_square_root.xpr
# Log file: D:/Projects/fast_inverse_square_root_K_B/fast_invrse_square_root_kb/fast_inverse_square_root/vivado.log
# Journal file: D:/Projects/fast_inverse_square_root_K_B/fast_invrse_square_root_kb/fast_inverse_square_root\vivado.jou
#-----------------------------------------------------------
start_gui
open_project D:/Projects/fast_inverse_square_root_K_B/fast_invrse_square_root_kb/fast_inverse_square_root/fast_inverse_square_root.xpr
INFO: [ProjectBase 1-489] The host OS only allows 260 characters in a normal path. The project is stored in a path with more than 80 characters. If you experience issues with IP, Block Designs, or files not being found, please consider moving the project to a location with a shorter path. Alternately consider using the OS subst command to map part of the path to a drive letter.
Current project path is 'D:/Projects/fast_inverse_square_root_K_B/fast_invrse_square_root_kb/fast_inverse_square_root'
INFO: [Project 1-313] Project file moved from 'C:/Users/Kinga/Desktop/fast_inverse_square_root_K_B/fast_invrse_square_root_kb/fast_inverse_square_root' since last save.
Scanning sources...
Finished scanning sources
INFO: [IP_Flow 19-234] Refreshing IP repositories
INFO: [IP_Flow 19-1704] No user IP repositories specified
INFO: [IP_Flow 19-2313] Loaded Vivado IP repository 'G:/Vivado/2018.3/data/ip'.
open_project: Time (s): cpu = 00:00:14 ; elapsed = 00:00:13 . Memory (MB): peak = 654.914 ; gain = 94.832
update_compile_order -fileset sources_1
launch_simulation
INFO: [Vivado 12-5682] Launching behavioral simulation in 'D:/Projects/fast_inverse_square_root_K_B/fast_invrse_square_root_kb/fast_inverse_square_root/fast_inverse_square_root.sim/sim_1/behav/xsim'
INFO: [SIM-utils-51] Simulation object is 'sim_1'
INFO: [SIM-utils-54] Inspecting design source files for 'float2fixed_tb' in fileset 'sim_1'...
INFO: [USF-XSim-97] Finding global include files...
INFO: [USF-XSim-98] Fetching design files from 'sim_1'...
INFO: [USF-XSim-2] XSim::Compile design
INFO: [USF-XSim-61] Executing 'COMPILE and ANALYZE' step in 'D:/Projects/fast_inverse_square_root_K_B/fast_invrse_square_root_kb/fast_inverse_square_root/fast_inverse_square_root.sim/sim_1/behav/xsim'
"xvlog --incr --relax -prj float2fixed_tb_vlog.prj"
INFO: [VRFC 10-2263] Analyzing SystemVerilog file "D:/Projects/fast_inverse_square_root_K_B/fast_invrse_square_root_kb/fast_inverse_square_root/fast_inverse_square_root.srcs/sources_1/new/float2fixed.v" into library xil_defaultlib
INFO: [VRFC 10-311] analyzing module float2fixed
INFO: [VRFC 10-2263] Analyzing SystemVerilog file "D:/Projects/fast_inverse_square_root_K_B/fast_invrse_square_root_kb/fast_inverse_square_root/fast_inverse_square_root.srcs/sim_1/new/float2fixed_tb.sv" into library xil_defaultlib
INFO: [VRFC 10-311] analyzing module float2fixed_tb
WARNING: [VRFC 10-986] literal value truncated to fit in 23 bits [D:/Projects/fast_inverse_square_root_K_B/fast_invrse_square_root_kb/fast_inverse_square_root/fast_inverse_square_root.srcs/sim_1/new/float2fixed_tb.sv:97]
INFO: [VRFC 10-2263] Analyzing Verilog file "D:/Projects/fast_inverse_square_root_K_B/fast_invrse_square_root_kb/fast_inverse_square_root/fast_inverse_square_root.sim/sim_1/behav/xsim/glbl.v" into library xil_defaultlib
INFO: [VRFC 10-311] analyzing module glbl
INFO: [USF-XSim-69] 'compile' step finished in '2' seconds
INFO: [USF-XSim-3] XSim::Elaborate design
INFO: [USF-XSim-61] Executing 'ELABORATE' step in 'D:/Projects/fast_inverse_square_root_K_B/fast_invrse_square_root_kb/fast_inverse_square_root/fast_inverse_square_root.sim/sim_1/behav/xsim'
Vivado Simulator 2018.3
Copyright 1986-1999, 2001-2018 Xilinx, Inc. All Rights Reserved.
Running: G:/Vivado/2018.3/bin/unwrapped/win64.o/xelab.exe -wto 602701e1efd54f558625245de818fdc9 --incr --debug typical --relax --mt 2 -L xil_defaultlib -L unisims_ver -L unimacro_ver -L secureip --snapshot float2fixed_tb_behav xil_defaultlib.float2fixed_tb xil_defaultlib.glbl -log elaborate.log 
Using 2 slave threads.
Starting static elaboration
Completed static elaboration
Starting simulation data flow analysis
Completed simulation data flow analysis
Time Resolution for simulation is 1ps
Compiling module xil_defaultlib.float2fixed
Compiling module xil_defaultlib.float2fixed_tb
Compiling module xil_defaultlib.glbl
Built simulation snapshot float2fixed_tb_behav

****** Webtalk v2018.3 (64-bit)
  **** SW Build 2405991 on Thu Dec  6 23:38:27 MST 2018
  **** IP Build 2404404 on Fri Dec  7 01:43:56 MST 2018
    ** Copyright 1986-2018 Xilinx, Inc. All Rights Reserved.

source D:/Projects/fast_inverse_square_root_K_B/fast_invrse_square_root_kb/fast_inverse_square_root/fast_inverse_square_root.sim/sim_1/behav/xsim/xsim.dir/float2fixed_tb_behav/webtalk/xsim_webtalk.tcl -notrace
INFO: [Common 17-206] Exiting Webtalk at Thu Jun 10 21:43:20 2021...
run_program: Time (s): cpu = 00:00:01 ; elapsed = 00:00:07 . Memory (MB): peak = 685.266 ; gain = 0.000
INFO: [USF-XSim-69] 'elaborate' step finished in '7' seconds
INFO: [USF-XSim-4] XSim::Simulate design
INFO: [USF-XSim-61] Executing 'SIMULATE' step in 'D:/Projects/fast_inverse_square_root_K_B/fast_invrse_square_root_kb/fast_inverse_square_root/fast_inverse_square_root.sim/sim_1/behav/xsim'
INFO: [USF-XSim-98] *** Running xsim
   with args "float2fixed_tb_behav -key {Behavioral:sim_1:Functional:float2fixed_tb} -tclbatch {float2fixed_tb.tcl} -log {simulate.log}"
INFO: [USF-XSim-8] Loading simulator feature
Vivado Simulator 2018.3
Time resolution is 1 ps
source float2fixed_tb.tcl
# set curr_wave [current_wave_config]
# if { [string length $curr_wave] == 0 } {
#   if { [llength [get_objects]] > 0} {
#     add_wave /
#     set_property needs_save false [current_wave_config]
#   } else {
#      send_msg_id Add_Wave-1 WARNING "No top level signals found. Simulator will start without a wave window. If you want to open a wave window go to 'File->New Waveform Configuration' or type 'create_wave_config' in the TCL console."
#   }
# }
# run 1000ns
INFO: [USF-XSim-96] XSim completed. Design snapshot 'float2fixed_tb_behav' loaded.
INFO: [USF-XSim-97] XSim simulation ran for 1000ns
launch_simulation: Time (s): cpu = 00:00:05 ; elapsed = 00:00:13 . Memory (MB): peak = 723.465 ; gain = 38.199
close_sim
INFO: [Simtcl 6-16] Simulation closed
close_sim: Time (s): cpu = 00:00:01 ; elapsed = 00:00:05 . Memory (MB): peak = 737.230 ; gain = 0.000
launch_simulation
INFO: [Vivado 12-5682] Launching behavioral simulation in 'D:/Projects/fast_inverse_square_root_K_B/fast_invrse_square_root_kb/fast_inverse_square_root/fast_inverse_square_root.sim/sim_1/behav/xsim'
INFO: [SIM-utils-51] Simulation object is 'sim_1'
INFO: [SIM-utils-54] Inspecting design source files for 'float2fixed_tb' in fileset 'sim_1'...
INFO: [USF-XSim-97] Finding global include files...
INFO: [USF-XSim-98] Fetching design files from 'sim_1'...
INFO: [USF-XSim-2] XSim::Compile design
INFO: [USF-XSim-61] Executing 'COMPILE and ANALYZE' step in 'D:/Projects/fast_inverse_square_root_K_B/fast_invrse_square_root_kb/fast_inverse_square_root/fast_inverse_square_root.sim/sim_1/behav/xsim'
"xvlog --incr --relax -prj float2fixed_tb_vlog.prj"
INFO: [USF-XSim-69] 'compile' step finished in '1' seconds
INFO: [USF-XSim-3] XSim::Elaborate design
INFO: [USF-XSim-61] Executing 'ELABORATE' step in 'D:/Projects/fast_inverse_square_root_K_B/fast_invrse_square_root_kb/fast_inverse_square_root/fast_inverse_square_root.sim/sim_1/behav/xsim'
Vivado Simulator 2018.3
Copyright 1986-1999, 2001-2018 Xilinx, Inc. All Rights Reserved.
Running: G:/Vivado/2018.3/bin/unwrapped/win64.o/xelab.exe -wto 602701e1efd54f558625245de818fdc9 --incr --debug typical --relax --mt 2 -L xil_defaultlib -L unisims_ver -L unimacro_ver -L secureip --snapshot float2fixed_tb_behav xil_defaultlib.float2fixed_tb xil_defaultlib.glbl -log elaborate.log 
Using 2 slave threads.
Starting static elaboration
Completed static elaboration
INFO: [XSIM 43-4323] No Change in HDL. Linking previously generated obj files to create kernel
INFO: [USF-XSim-69] 'elaborate' step finished in '2' seconds
INFO: [USF-XSim-4] XSim::Simulate design
INFO: [USF-XSim-61] Executing 'SIMULATE' step in 'D:/Projects/fast_inverse_square_root_K_B/fast_invrse_square_root_kb/fast_inverse_square_root/fast_inverse_square_root.sim/sim_1/behav/xsim'
INFO: [USF-XSim-98] *** Running xsim
   with args "float2fixed_tb_behav -key {Behavioral:sim_1:Functional:float2fixed_tb} -tclbatch {float2fixed_tb.tcl} -log {simulate.log}"
INFO: [USF-XSim-8] Loading simulator feature
Vivado Simulator 2018.3
Time resolution is 1 ps
source float2fixed_tb.tcl
# set curr_wave [current_wave_config]
# if { [string length $curr_wave] == 0 } {
#   if { [llength [get_objects]] > 0} {
#     add_wave /
#     set_property needs_save false [current_wave_config]
#   } else {
#      send_msg_id Add_Wave-1 WARNING "No top level signals found. Simulator will start without a wave window. If you want to open a wave window go to 'File->New Waveform Configuration' or type 'create_wave_config' in the TCL console."
#   }
# }
# run 1000ns
INFO: [USF-XSim-96] XSim completed. Design snapshot 'float2fixed_tb_behav' loaded.
INFO: [USF-XSim-97] XSim simulation ran for 1000ns
launch_simulation: Time (s): cpu = 00:00:02 ; elapsed = 00:00:06 . Memory (MB): peak = 737.230 ; gain = 0.000
close_sim
INFO: [Simtcl 6-16] Simulation closed
launch_simulation
INFO: [Vivado 12-5682] Launching behavioral simulation in 'D:/Projects/fast_inverse_square_root_K_B/fast_invrse_square_root_kb/fast_inverse_square_root/fast_inverse_square_root.sim/sim_1/behav/xsim'
INFO: [SIM-utils-51] Simulation object is 'sim_1'
INFO: [SIM-utils-54] Inspecting design source files for 'float2fixed_tb' in fileset 'sim_1'...
INFO: [USF-XSim-97] Finding global include files...
INFO: [USF-XSim-98] Fetching design files from 'sim_1'...
INFO: [USF-XSim-2] XSim::Compile design
INFO: [USF-XSim-61] Executing 'COMPILE and ANALYZE' step in 'D:/Projects/fast_inverse_square_root_K_B/fast_invrse_square_root_kb/fast_inverse_square_root/fast_inverse_square_root.sim/sim_1/behav/xsim'
"xvlog --incr --relax -prj float2fixed_tb_vlog.prj"
INFO: [VRFC 10-2263] Analyzing SystemVerilog file "D:/Projects/fast_inverse_square_root_K_B/fast_invrse_square_root_kb/fast_inverse_square_root/fast_inverse_square_root.srcs/sources_1/new/float2fixed.v" into library xil_defaultlib
INFO: [VRFC 10-311] analyzing module float2fixed
INFO: [VRFC 10-2263] Analyzing SystemVerilog file "D:/Projects/fast_inverse_square_root_K_B/fast_invrse_square_root_kb/fast_inverse_square_root/fast_inverse_square_root.srcs/sim_1/new/float2fixed_tb.sv" into library xil_defaultlib
INFO: [VRFC 10-311] analyzing module float2fixed_tb
WARNING: [VRFC 10-986] literal value truncated to fit in 23 bits [D:/Projects/fast_inverse_square_root_K_B/fast_invrse_square_root_kb/fast_inverse_square_root/fast_inverse_square_root.srcs/sim_1/new/float2fixed_tb.sv:97]
INFO: [USF-XSim-69] 'compile' step finished in '2' seconds
INFO: [USF-XSim-3] XSim::Elaborate design
INFO: [USF-XSim-61] Executing 'ELABORATE' step in 'D:/Projects/fast_inverse_square_root_K_B/fast_invrse_square_root_kb/fast_inverse_square_root/fast_inverse_square_root.sim/sim_1/behav/xsim'
Vivado Simulator 2018.3
Copyright 1986-1999, 2001-2018 Xilinx, Inc. All Rights Reserved.
Running: G:/Vivado/2018.3/bin/unwrapped/win64.o/xelab.exe -wto 602701e1efd54f558625245de818fdc9 --incr --debug typical --relax --mt 2 -L xil_defaultlib -L unisims_ver -L unimacro_ver -L secureip --snapshot float2fixed_tb_behav xil_defaultlib.float2fixed_tb xil_defaultlib.glbl -log elaborate.log 
Using 2 slave threads.
Starting static elaboration
Completed static elaboration
Starting simulation data flow analysis
Completed simulation data flow analysis
Time Resolution for simulation is 1ps
Compiling module xil_defaultlib.float2fixed
Compiling module xil_defaultlib.float2fixed_tb
Compiling module xil_defaultlib.glbl
Built simulation snapshot float2fixed_tb_behav
INFO: [USF-XSim-69] 'elaborate' step finished in '3' seconds
INFO: [USF-XSim-4] XSim::Simulate design
INFO: [USF-XSim-61] Executing 'SIMULATE' step in 'D:/Projects/fast_inverse_square_root_K_B/fast_invrse_square_root_kb/fast_inverse_square_root/fast_inverse_square_root.sim/sim_1/behav/xsim'
INFO: [USF-XSim-98] *** Running xsim
   with args "float2fixed_tb_behav -key {Behavioral:sim_1:Functional:float2fixed_tb} -tclbatch {float2fixed_tb.tcl} -log {simulate.log}"
INFO: [USF-XSim-8] Loading simulator feature
Vivado Simulator 2018.3
Time resolution is 1 ps
source float2fixed_tb.tcl
# set curr_wave [current_wave_config]
# if { [string length $curr_wave] == 0 } {
#   if { [llength [get_objects]] > 0} {
#     add_wave /
#     set_property needs_save false [current_wave_config]
#   } else {
#      send_msg_id Add_Wave-1 WARNING "No top level signals found. Simulator will start without a wave window. If you want to open a wave window go to 'File->New Waveform Configuration' or type 'create_wave_config' in the TCL console."
#   }
# }
# run 1000ns
INFO: [USF-XSim-96] XSim completed. Design snapshot 'float2fixed_tb_behav' loaded.
INFO: [USF-XSim-97] XSim simulation ran for 1000ns
launch_simulation: Time (s): cpu = 00:00:02 ; elapsed = 00:00:07 . Memory (MB): peak = 737.230 ; gain = 0.000
close_sim
INFO: [Simtcl 6-16] Simulation closed
launch_simulation
INFO: [Vivado 12-5682] Launching behavioral simulation in 'D:/Projects/fast_inverse_square_root_K_B/fast_invrse_square_root_kb/fast_inverse_square_root/fast_inverse_square_root.sim/sim_1/behav/xsim'
INFO: [SIM-utils-51] Simulation object is 'sim_1'
INFO: [SIM-utils-54] Inspecting design source files for 'float2fixed_tb' in fileset 'sim_1'...
INFO: [USF-XSim-97] Finding global include files...
INFO: [USF-XSim-98] Fetching design files from 'sim_1'...
INFO: [USF-XSim-2] XSim::Compile design
INFO: [USF-XSim-61] Executing 'COMPILE and ANALYZE' step in 'D:/Projects/fast_inverse_square_root_K_B/fast_invrse_square_root_kb/fast_inverse_square_root/fast_inverse_square_root.sim/sim_1/behav/xsim'
"xvlog --incr --relax -prj float2fixed_tb_vlog.prj"
INFO: [VRFC 10-2263] Analyzing SystemVerilog file "D:/Projects/fast_inverse_square_root_K_B/fast_invrse_square_root_kb/fast_inverse_square_root/fast_inverse_square_root.srcs/sources_1/new/float2fixed.v" into library xil_defaultlib
INFO: [VRFC 10-311] analyzing module float2fixed
INFO: [VRFC 10-2263] Analyzing SystemVerilog file "D:/Projects/fast_inverse_square_root_K_B/fast_invrse_square_root_kb/fast_inverse_square_root/fast_inverse_square_root.srcs/sim_1/new/float2fixed_tb.sv" into library xil_defaultlib
INFO: [VRFC 10-311] analyzing module float2fixed_tb
WARNING: [VRFC 10-986] literal value truncated to fit in 23 bits [D:/Projects/fast_inverse_square_root_K_B/fast_invrse_square_root_kb/fast_inverse_square_root/fast_inverse_square_root.srcs/sim_1/new/float2fixed_tb.sv:97]
INFO: [USF-XSim-69] 'compile' step finished in '1' seconds
INFO: [USF-XSim-3] XSim::Elaborate design
INFO: [USF-XSim-61] Executing 'ELABORATE' step in 'D:/Projects/fast_inverse_square_root_K_B/fast_invrse_square_root_kb/fast_inverse_square_root/fast_inverse_square_root.sim/sim_1/behav/xsim'
Vivado Simulator 2018.3
Copyright 1986-1999, 2001-2018 Xilinx, Inc. All Rights Reserved.
Running: G:/Vivado/2018.3/bin/unwrapped/win64.o/xelab.exe -wto 602701e1efd54f558625245de818fdc9 --incr --debug typical --relax --mt 2 -L xil_defaultlib -L unisims_ver -L unimacro_ver -L secureip --snapshot float2fixed_tb_behav xil_defaultlib.float2fixed_tb xil_defaultlib.glbl -log elaborate.log 
Using 2 slave threads.
Starting static elaboration
WARNING: [VRFC 10-3091] actual bit length 32 differs from formal bit length 31 for port 'fixed_out' [D:/Projects/fast_inverse_square_root_K_B/fast_invrse_square_root_kb/fast_inverse_square_root/fast_inverse_square_root.srcs/sim_1/new/float2fixed_tb.sv:45]
Completed static elaboration
Starting simulation data flow analysis
Completed simulation data flow analysis
Time Resolution for simulation is 1ps
Compiling module xil_defaultlib.float2fixed
Compiling module xil_defaultlib.float2fixed_tb
Compiling module xil_defaultlib.glbl
Built simulation snapshot float2fixed_tb_behav
INFO: [USF-XSim-69] 'elaborate' step finished in '3' seconds
INFO: [USF-XSim-4] XSim::Simulate design
INFO: [USF-XSim-61] Executing 'SIMULATE' step in 'D:/Projects/fast_inverse_square_root_K_B/fast_invrse_square_root_kb/fast_inverse_square_root/fast_inverse_square_root.sim/sim_1/behav/xsim'
INFO: [USF-XSim-98] *** Running xsim
   with args "float2fixed_tb_behav -key {Behavioral:sim_1:Functional:float2fixed_tb} -tclbatch {float2fixed_tb.tcl} -log {simulate.log}"
INFO: [USF-XSim-8] Loading simulator feature
Vivado Simulator 2018.3
Time resolution is 1 ps
source float2fixed_tb.tcl
# set curr_wave [current_wave_config]
# if { [string length $curr_wave] == 0 } {
#   if { [llength [get_objects]] > 0} {
#     add_wave /
#     set_property needs_save false [current_wave_config]
#   } else {
#      send_msg_id Add_Wave-1 WARNING "No top level signals found. Simulator will start without a wave window. If you want to open a wave window go to 'File->New Waveform Configuration' or type 'create_wave_config' in the TCL console."
#   }
# }
# run 1000ns
INFO: [USF-XSim-96] XSim completed. Design snapshot 'float2fixed_tb_behav' loaded.
INFO: [USF-XSim-97] XSim simulation ran for 1000ns
launch_simulation: Time (s): cpu = 00:00:01 ; elapsed = 00:00:07 . Memory (MB): peak = 737.230 ; gain = 0.000
close_sim
INFO: [Simtcl 6-16] Simulation closed
launch_simulation
INFO: [Vivado 12-5682] Launching behavioral simulation in 'D:/Projects/fast_inverse_square_root_K_B/fast_invrse_square_root_kb/fast_inverse_square_root/fast_inverse_square_root.sim/sim_1/behav/xsim'
INFO: [SIM-utils-51] Simulation object is 'sim_1'
INFO: [SIM-utils-54] Inspecting design source files for 'float2fixed_tb' in fileset 'sim_1'...
INFO: [USF-XSim-97] Finding global include files...
INFO: [USF-XSim-98] Fetching design files from 'sim_1'...
INFO: [USF-XSim-2] XSim::Compile design
INFO: [USF-XSim-61] Executing 'COMPILE and ANALYZE' step in 'D:/Projects/fast_inverse_square_root_K_B/fast_invrse_square_root_kb/fast_inverse_square_root/fast_inverse_square_root.sim/sim_1/behav/xsim'
"xvlog --incr --relax -prj float2fixed_tb_vlog.prj"
INFO: [USF-XSim-69] 'compile' step finished in '1' seconds
INFO: [USF-XSim-3] XSim::Elaborate design
INFO: [USF-XSim-61] Executing 'ELABORATE' step in 'D:/Projects/fast_inverse_square_root_K_B/fast_invrse_square_root_kb/fast_inverse_square_root/fast_inverse_square_root.sim/sim_1/behav/xsim'
Vivado Simulator 2018.3
Copyright 1986-1999, 2001-2018 Xilinx, Inc. All Rights Reserved.
Running: G:/Vivado/2018.3/bin/unwrapped/win64.o/xelab.exe -wto 602701e1efd54f558625245de818fdc9 --incr --debug typical --relax --mt 2 -L xil_defaultlib -L unisims_ver -L unimacro_ver -L secureip --snapshot float2fixed_tb_behav xil_defaultlib.float2fixed_tb xil_defaultlib.glbl -log elaborate.log 
Using 2 slave threads.
Starting static elaboration
WARNING: [VRFC 10-3091] actual bit length 32 differs from formal bit length 31 for port 'fixed_out' [D:/Projects/fast_inverse_square_root_K_B/fast_invrse_square_root_kb/fast_inverse_square_root/fast_inverse_square_root.srcs/sim_1/new/float2fixed_tb.sv:45]
Completed static elaboration
INFO: [XSIM 43-4323] No Change in HDL. Linking previously generated obj files to create kernel
INFO: [USF-XSim-69] 'elaborate' step finished in '2' seconds
INFO: [USF-XSim-4] XSim::Simulate design
INFO: [USF-XSim-61] Executing 'SIMULATE' step in 'D:/Projects/fast_inverse_square_root_K_B/fast_invrse_square_root_kb/fast_inverse_square_root/fast_inverse_square_root.sim/sim_1/behav/xsim'
INFO: [USF-XSim-98] *** Running xsim
   with args "float2fixed_tb_behav -key {Behavioral:sim_1:Functional:float2fixed_tb} -tclbatch {float2fixed_tb.tcl} -log {simulate.log}"
INFO: [USF-XSim-8] Loading simulator feature
Vivado Simulator 2018.3
Time resolution is 1 ps
source float2fixed_tb.tcl
# set curr_wave [current_wave_config]
# if { [string length $curr_wave] == 0 } {
#   if { [llength [get_objects]] > 0} {
#     add_wave /
#     set_property needs_save false [current_wave_config]
#   } else {
#      send_msg_id Add_Wave-1 WARNING "No top level signals found. Simulator will start without a wave window. If you want to open a wave window go to 'File->New Waveform Configuration' or type 'create_wave_config' in the TCL console."
#   }
# }
# run 1000ns
INFO: [USF-XSim-96] XSim completed. Design snapshot 'float2fixed_tb_behav' loaded.
INFO: [USF-XSim-97] XSim simulation ran for 1000ns
launch_simulation: Time (s): cpu = 00:00:02 ; elapsed = 00:00:05 . Memory (MB): peak = 737.230 ; gain = 0.000
close_sim
INFO: [Simtcl 6-16] Simulation closed
exit
INFO: [Common 17-206] Exiting Vivado at Thu Jun 10 22:06:17 2021...
