Copyright 1986-2018 Xilinx, Inc. All Rights Reserved.
---------------------------------------------------------------------------------------------------
| Tool Version : Vivado v.2018.3 (win64) Build 2405991 Thu Dec  6 23:38:27 MST 2018
| Date         : Tue Jun 15 23:13:02 2021
| Host         : albert-pc running 64-bit major release  (build 9200)
| Command      : report_control_sets -verbose -file fisr_fixed_acc_wrapper_control_sets_placed.rpt
| Design       : fisr_fixed_acc_wrapper
| Device       : xc7z020
---------------------------------------------------------------------------------------------------

Control Set Information

Table of Contents
-----------------
1. Summary
2. Histogram
3. Flip-Flop Distribution
4. Detailed Control Set Information

1. Summary
----------

+----------------------------------------------------------+-------+
|                          Status                          | Count |
+----------------------------------------------------------+-------+
| Number of unique control sets                            |    54 |
| Unused register locations in slices containing registers |   128 |
+----------------------------------------------------------+-------+


2. Histogram
------------

+--------+--------------+
| Fanout | Control Sets |
+--------+--------------+
|      1 |            1 |
|      2 |            2 |
|      4 |            7 |
|      5 |            5 |
|      6 |            1 |
|      7 |            1 |
|      8 |            9 |
|     10 |            1 |
|     12 |            1 |
|     13 |            2 |
|     14 |            2 |
|    16+ |           22 |
+--------+--------------+


3. Flip-Flop Distribution
-------------------------

+--------------+-----------------------+------------------------+-----------------+--------------+
| Clock Enable | Synchronous Set/Reset | Asynchronous Set/Reset | Total Registers | Total Slices |
+--------------+-----------------------+------------------------+-----------------+--------------+
| No           | No                    | No                     |             147 |           46 |
| No           | No                    | Yes                    |               0 |            0 |
| No           | Yes                   | No                     |              34 |           16 |
| Yes          | No                    | No                     |             571 |          170 |
| Yes          | No                    | Yes                    |               0 |            0 |
| Yes          | Yes                   | No                     |             224 |           66 |
+--------------+-----------------------+------------------------+-----------------+--------------+


4. Detailed Control Set Information
-----------------------------------

+-------------------------------------------------------+----------------------------------------------------------------------------------------------------------------------------------------------------------------------+-------------------------------------------------------------------------------------------------------------------------------------------------------------+------------------+----------------+
|                      Clock Signal                     |                                                                             Enable Signal                                                                            |                                                                       Set/Reset Signal                                                                      | Slice Load Count | Bel Load Count |
+-------------------------------------------------------+----------------------------------------------------------------------------------------------------------------------------------------------------------------------+-------------------------------------------------------------------------------------------------------------------------------------------------------------+------------------+----------------+
|  fisr_fixed_acc_i/processing_system7_0/inst/FCLK_CLK0 | fisr_fixed_acc_i/ps7_0_axi_periph/s00_couplers/auto_pc/inst/gen_axilite.gen_b2s_conv.axilite_b2s/WR.aw_channel_0/aw_cmd_fsm_0/m_axi_awready_1                        | fisr_fixed_acc_i/ps7_0_axi_periph/s00_couplers/auto_pc/inst/gen_axilite.gen_b2s_conv.axilite_b2s/WR.aw_channel_0/aw_cmd_fsm_0/m_axi_awready_0               |                1 |              1 |
|  fisr_fixed_acc_i/processing_system7_0/inst/FCLK_CLK0 | fisr_fixed_acc_i/fisr_fixed_ip_0/inst/fisr_fixed_ip_v1_0_S00_AXI_inst/fisr/converter/shift_count[6]_i_2_n_0                                                          | fisr_fixed_acc_i/fisr_fixed_ip_0/inst/fisr_fixed_ip_v1_0_S00_AXI_inst/fisr/converter/shift_count[6]_i_1_n_0                                                 |                1 |              2 |
|  fisr_fixed_acc_i/processing_system7_0/inst/FCLK_CLK0 | fisr_fixed_acc_i/ps7_0_axi_periph/s00_couplers/auto_pc/inst/gen_axilite.gen_b2s_conv.axilite_b2s/WR.b_channel_0/bid_fifo_0/sel                                       |                                                                                                                                                             |                1 |              2 |
|  fisr_fixed_acc_i/processing_system7_0/inst/FCLK_CLK0 | fisr_fixed_acc_i/ps7_0_axi_periph/s00_couplers/auto_pc/inst/gen_axilite.gen_b2s_conv.axilite_b2s/RD.ar_channel_0/ar_cmd_fsm_0/E[0]                                   |                                                                                                                                                             |                2 |              4 |
|  fisr_fixed_acc_i/processing_system7_0/inst/FCLK_CLK0 |                                                                                                                                                                      | fisr_fixed_acc_i/rst_ps7_0_100M/U0/EXT_LPF/lpf_int                                                                                                          |                1 |              4 |
|  fisr_fixed_acc_i/processing_system7_0/inst/FCLK_CLK0 |                                                                                                                                                                      | fisr_fixed_acc_i/ps7_0_axi_periph/s00_couplers/auto_pc/inst/gen_axilite.gen_b2s_conv.axilite_b2s/SI_REG/ar.ar_pipe/aresetn_d_reg[1]_inv_0                   |                3 |              4 |
|  fisr_fixed_acc_i/processing_system7_0/inst/FCLK_CLK0 |                                                                                                                                                                      | fisr_fixed_acc_i/ps7_0_axi_periph/s00_couplers/auto_pc/inst/gen_axilite.gen_b2s_conv.axilite_b2s/SI_REG/aw.aw_pipe/aresetn_d_reg[0]_0                       |                2 |              4 |
|  fisr_fixed_acc_i/processing_system7_0/inst/FCLK_CLK0 | fisr_fixed_acc_i/ps7_0_axi_periph/s00_couplers/auto_pc/inst/gen_axilite.gen_b2s_conv.axilite_b2s/WR.aw_channel_0/aw_cmd_fsm_0/E[0]                                   |                                                                                                                                                             |                2 |              4 |
|  fisr_fixed_acc_i/processing_system7_0/inst/FCLK_CLK0 | fisr_fixed_acc_i/ps7_0_axi_periph/s00_couplers/auto_pc/inst/gen_axilite.gen_b2s_conv.axilite_b2s/WR.aw_channel_0/cmd_translator_0/incr_cmd_0/axaddr_incr[11]_i_1_n_0 |                                                                                                                                                             |                2 |              4 |
|  fisr_fixed_acc_i/processing_system7_0/inst/FCLK_CLK0 | fisr_fixed_acc_i/ps7_0_axi_periph/s00_couplers/auto_pc/inst/gen_axilite.gen_b2s_conv.axilite_b2s/RD.ar_channel_0/ar_cmd_fsm_0/sel_first_reg[0]                       |                                                                                                                                                             |                2 |              4 |
|  fisr_fixed_acc_i/processing_system7_0/inst/FCLK_CLK0 | fisr_fixed_acc_i/ps7_0_axi_periph/s00_couplers/auto_pc/inst/gen_axilite.gen_b2s_conv.axilite_b2s/RD.ar_channel_0/ar_cmd_fsm_0/m_valid_i_reg                          | fisr_fixed_acc_i/ps7_0_axi_periph/s00_couplers/auto_pc/inst/gen_axilite.gen_b2s_conv.axilite_b2s/RD.ar_channel_0/ar_cmd_fsm_0/FSM_sequential_state_reg[0]_0 |                2 |              5 |
|  fisr_fixed_acc_i/processing_system7_0/inst/FCLK_CLK0 | fisr_fixed_acc_i/fisr_fixed_ip_0/inst/fisr_fixed_ip_v1_0_S00_AXI_inst/fisr/state[4]_i_1_n_0                                                                          | fisr_fixed_acc_i/fisr_fixed_ip_0/inst/fisr_fixed_ip_v1_0_S00_AXI_inst/fisr/SR[0]                                                                            |                2 |              5 |
|  fisr_fixed_acc_i/processing_system7_0/inst/FCLK_CLK0 | fisr_fixed_acc_i/ps7_0_axi_periph/s00_couplers/auto_pc/inst/gen_axilite.gen_b2s_conv.axilite_b2s/RD.r_channel_0/rd_data_fifo_0/E[0]                                  | fisr_fixed_acc_i/ps7_0_axi_periph/s00_couplers/auto_pc/inst/gen_axilite.gen_b2s_conv.axilite_b2s/areset_d1                                                  |                2 |              5 |
|  fisr_fixed_acc_i/processing_system7_0/inst/FCLK_CLK0 | fisr_fixed_acc_i/ps7_0_axi_periph/s00_couplers/auto_pc/inst/gen_axilite.gen_b2s_conv.axilite_b2s/RD.r_channel_0/rd_data_fifo_0/cnt_read[4]_i_1_n_0                   | fisr_fixed_acc_i/ps7_0_axi_periph/s00_couplers/auto_pc/inst/gen_axilite.gen_b2s_conv.axilite_b2s/areset_d1                                                  |                2 |              5 |
|  fisr_fixed_acc_i/processing_system7_0/inst/FCLK_CLK0 | fisr_fixed_acc_i/fisr_fixed_ip_0/inst/fisr_fixed_ip_v1_0_S00_AXI_inst/fisr/converter/shift_count[6]_i_2_n_0                                                          |                                                                                                                                                             |                3 |              5 |
|  fisr_fixed_acc_i/processing_system7_0/inst/FCLK_CLK0 | fisr_fixed_acc_i/rst_ps7_0_100M/U0/SEQ/seq_cnt_en                                                                                                                    | fisr_fixed_acc_i/rst_ps7_0_100M/U0/SEQ/SEQ_COUNTER/clear                                                                                                    |                1 |              6 |
|  fisr_fixed_acc_i/processing_system7_0/inst/FCLK_CLK0 | fisr_fixed_acc_i/fisr_fixed_ip_0/inst/fisr_fixed_ip_v1_0_S00_AXI_inst/fisr/converter/fixed_out[30]_i_1_n_0                                                           | fisr_fixed_acc_i/fisr_fixed_ip_0/inst/fisr_fixed_ip_v1_0_S00_AXI_inst/fisr/converter/fixed_out[29]_i_1_n_0                                                  |                3 |              7 |
|  fisr_fixed_acc_i/processing_system7_0/inst/FCLK_CLK0 | fisr_fixed_acc_i/fisr_fixed_ip_0/inst/fisr_fixed_ip_v1_0_S00_AXI_inst/slv_reg0[23]_i_1_n_0                                                                           | fisr_fixed_acc_i/fisr_fixed_ip_0/inst/fisr_fixed_ip_v1_0_S00_AXI_inst/fisr/SR[0]                                                                            |                1 |              8 |
|  fisr_fixed_acc_i/processing_system7_0/inst/FCLK_CLK0 | fisr_fixed_acc_i/ps7_0_axi_periph/s00_couplers/auto_pc/inst/gen_axilite.gen_b2s_conv.axilite_b2s/WR.b_channel_0/mhandshake_r                                         | fisr_fixed_acc_i/ps7_0_axi_periph/s00_couplers/auto_pc/inst/gen_axilite.gen_b2s_conv.axilite_b2s/WR.b_channel_0/bid_fifo_0/SR[0]                            |                3 |              8 |
|  fisr_fixed_acc_i/processing_system7_0/inst/FCLK_CLK0 | fisr_fixed_acc_i/fisr_fixed_ip_0/inst/fisr_fixed_ip_v1_0_S00_AXI_inst/slv_reg1[31]_i_1_n_0                                                                           | fisr_fixed_acc_i/fisr_fixed_ip_0/inst/fisr_fixed_ip_v1_0_S00_AXI_inst/fisr/SR[0]                                                                            |                2 |              8 |
|  fisr_fixed_acc_i/processing_system7_0/inst/FCLK_CLK0 | fisr_fixed_acc_i/fisr_fixed_ip_0/inst/fisr_fixed_ip_v1_0_S00_AXI_inst/slv_reg1[15]_i_1_n_0                                                                           | fisr_fixed_acc_i/fisr_fixed_ip_0/inst/fisr_fixed_ip_v1_0_S00_AXI_inst/fisr/SR[0]                                                                            |                1 |              8 |
|  fisr_fixed_acc_i/processing_system7_0/inst/FCLK_CLK0 | fisr_fixed_acc_i/fisr_fixed_ip_0/inst/fisr_fixed_ip_v1_0_S00_AXI_inst/slv_reg0[31]_i_1_n_0                                                                           | fisr_fixed_acc_i/fisr_fixed_ip_0/inst/fisr_fixed_ip_v1_0_S00_AXI_inst/fisr/SR[0]                                                                            |                3 |              8 |
|  fisr_fixed_acc_i/processing_system7_0/inst/FCLK_CLK0 | fisr_fixed_acc_i/fisr_fixed_ip_0/inst/fisr_fixed_ip_v1_0_S00_AXI_inst/slv_reg0[15]_i_1_n_0                                                                           | fisr_fixed_acc_i/fisr_fixed_ip_0/inst/fisr_fixed_ip_v1_0_S00_AXI_inst/fisr/SR[0]                                                                            |                1 |              8 |
|  fisr_fixed_acc_i/processing_system7_0/inst/FCLK_CLK0 | fisr_fixed_acc_i/fisr_fixed_ip_0/inst/fisr_fixed_ip_v1_0_S00_AXI_inst/slv_reg1[23]_i_1_n_0                                                                           | fisr_fixed_acc_i/fisr_fixed_ip_0/inst/fisr_fixed_ip_v1_0_S00_AXI_inst/fisr/SR[0]                                                                            |                1 |              8 |
|  fisr_fixed_acc_i/processing_system7_0/inst/FCLK_CLK0 | fisr_fixed_acc_i/fisr_fixed_ip_0/inst/fisr_fixed_ip_v1_0_S00_AXI_inst/slv_reg1[7]_i_1_n_0                                                                            | fisr_fixed_acc_i/fisr_fixed_ip_0/inst/fisr_fixed_ip_v1_0_S00_AXI_inst/fisr/SR[0]                                                                            |                4 |              8 |
|  fisr_fixed_acc_i/processing_system7_0/inst/FCLK_CLK0 | fisr_fixed_acc_i/fisr_fixed_ip_0/inst/fisr_fixed_ip_v1_0_S00_AXI_inst/slv_reg0[7]_i_1_n_0                                                                            | fisr_fixed_acc_i/fisr_fixed_ip_0/inst/fisr_fixed_ip_v1_0_S00_AXI_inst/fisr/SR[0]                                                                            |                2 |              8 |
|  fisr_fixed_acc_i/processing_system7_0/inst/FCLK_CLK0 |                                                                                                                                                                      | fisr_fixed_acc_i/ps7_0_axi_periph/s00_couplers/auto_pc/inst/gen_axilite.gen_b2s_conv.axilite_b2s/areset_d1                                                  |                4 |             10 |
|  fisr_fixed_acc_i/processing_system7_0/inst/FCLK_CLK0 |                                                                                                                                                                      | fisr_fixed_acc_i/fisr_fixed_ip_0/inst/fisr_fixed_ip_v1_0_S00_AXI_inst/fisr/SR[0]                                                                            |                6 |             12 |
|  fisr_fixed_acc_i/processing_system7_0/inst/FCLK_CLK0 | fisr_fixed_acc_i/ps7_0_axi_periph/s00_couplers/auto_pc/inst/gen_axilite.gen_b2s_conv.axilite_b2s/RD.r_channel_0/r_push_r                                             |                                                                                                                                                             |                4 |             13 |
|  fisr_fixed_acc_i/processing_system7_0/inst/FCLK_CLK0 | fisr_fixed_acc_i/ps7_0_axi_periph/s00_couplers/auto_pc/inst/gen_axilite.gen_b2s_conv.axilite_b2s/RD.ar_channel_0/ar_cmd_fsm_0/m_valid_i_reg                          |                                                                                                                                                             |                5 |             13 |
|  fisr_fixed_acc_i/processing_system7_0/inst/FCLK_CLK0 | fisr_fixed_acc_i/ps7_0_axi_periph/s00_couplers/auto_pc/inst/gen_axilite.gen_b2s_conv.axilite_b2s/SI_REG/b.b_pipe/s_ready_i_reg_0                                     |                                                                                                                                                             |                4 |             14 |
|  fisr_fixed_acc_i/processing_system7_0/inst/FCLK_CLK0 | fisr_fixed_acc_i/ps7_0_axi_periph/s00_couplers/auto_pc/inst/gen_axilite.gen_b2s_conv.axilite_b2s/SI_REG/b.b_pipe/p_1_in                                              |                                                                                                                                                             |                3 |             14 |
|  fisr_fixed_acc_i/processing_system7_0/inst/FCLK_CLK0 | fisr_fixed_acc_i/ps7_0_axi_periph/s00_couplers/auto_pc/inst/gen_axilite.gen_b2s_conv.axilite_b2s/WR.aw_channel_0/aw_cmd_fsm_0/b_push                                 |                                                                                                                                                             |                3 |             16 |
|  fisr_fixed_acc_i/processing_system7_0/inst/FCLK_CLK0 | fisr_fixed_acc_i/ps7_0_axi_periph/s00_couplers/auto_pc/inst/gen_axilite.gen_b2s_conv.axilite_b2s/WR.aw_channel_0/aw_cmd_fsm_0/m_axi_awready_1                        |                                                                                                                                                             |                6 |             17 |
|  fisr_fixed_acc_i/processing_system7_0/inst/FCLK_CLK0 | fisr_fixed_acc_i/fisr_fixed_ip_0/inst/fisr_fixed_ip_v1_0_S00_AXI_inst/fisr/converter/float_in_copy[22]_i_1_n_0                                                       |                                                                                                                                                             |                8 |             23 |
|  fisr_fixed_acc_i/processing_system7_0/inst/FCLK_CLK0 | fisr_fixed_acc_i/fisr_fixed_ip_0/inst/fisr_fixed_ip_v1_0_S00_AXI_inst/fisr/mul_reg_temp2[31]_i_1_n_0                                                                 | fisr_fixed_acc_i/fisr_fixed_ip_0/inst/fisr_fixed_ip_v1_0_S00_AXI_inst/fisr/mul_reg_temp2[54]_i_1_n_0                                                        |                5 |             23 |
|  fisr_fixed_acc_i/processing_system7_0/inst/FCLK_CLK0 | fisr_fixed_acc_i/fisr_fixed_ip_0/inst/fisr_fixed_ip_v1_0_S00_AXI_inst/fisr/converter/fixed_out[30]_i_1_n_0                                                           |                                                                                                                                                             |               14 |             24 |
|  fisr_fixed_acc_i/processing_system7_0/inst/FCLK_CLK0 | fisr_fixed_acc_i/ps7_0_axi_periph/s00_couplers/auto_pc/inst/gen_axilite.gen_b2s_conv.axilite_b2s/RD.ar_channel_0/ar_cmd_fsm_0/FSM_sequential_state_reg[1]_0[0]       |                                                                                                                                                             |                6 |             27 |
|  fisr_fixed_acc_i/processing_system7_0/inst/FCLK_CLK0 | fisr_fixed_acc_i/ps7_0_axi_periph/s00_couplers/auto_pc/inst/gen_axilite.gen_b2s_conv.axilite_b2s/WR.aw_channel_0/aw_cmd_fsm_0/m_valid_i_reg[0]                       |                                                                                                                                                             |                6 |             27 |
|  fisr_fixed_acc_i/processing_system7_0/inst/FCLK_CLK0 | fisr_fixed_acc_i/ps7_0_axi_periph/s00_couplers/auto_pc/inst/gen_axilite.gen_b2s_conv.axilite_b2s/SI_REG/ar.ar_pipe/s_ready_i_reg_0                                   |                                                                                                                                                             |                5 |             27 |
|  fisr_fixed_acc_i/processing_system7_0/inst/FCLK_CLK0 | fisr_fixed_acc_i/ps7_0_axi_periph/s00_couplers/auto_pc/inst/gen_axilite.gen_b2s_conv.axilite_b2s/SI_REG/aw.aw_pipe/s_ready_i_reg_0                                   |                                                                                                                                                             |                7 |             27 |
|  fisr_fixed_acc_i/processing_system7_0/inst/FCLK_CLK0 | fisr_fixed_acc_i/fisr_fixed_ip_0/inst/fisr_fixed_ip_v1_0_S00_AXI_inst/fisr/converter/temp_half                                                                       | fisr_fixed_acc_i/fisr_fixed_ip_0/inst/fisr_fixed_ip_v1_0_S00_AXI_inst/fisr/temp_half[29]_i_1_n_0                                                            |               12 |             30 |
|  fisr_fixed_acc_i/processing_system7_0/inst/FCLK_CLK0 | fisr_fixed_acc_i/fisr_fixed_ip_0/inst/fisr_fixed_ip_v1_0_S00_AXI_inst/fisr/converter/s00_axi_aresetn_0                                                               |                                                                                                                                                             |               10 |             31 |
|  fisr_fixed_acc_i/processing_system7_0/inst/FCLK_CLK0 | fisr_fixed_acc_i/fisr_fixed_ip_0/inst/fisr_fixed_ip_v1_0_S00_AXI_inst/fisr/temp_int                                                                                  | fisr_fixed_acc_i/fisr_fixed_ip_0/inst/fisr_fixed_ip_v1_0_S00_AXI_inst/fisr/temp_int[30]_i_1_n_0                                                             |                8 |             31 |
|  fisr_fixed_acc_i/processing_system7_0/inst/FCLK_CLK0 | fisr_fixed_acc_i/fisr_fixed_ip_0/inst/fisr_fixed_ip_v1_0_S00_AXI_inst/fisr/fixed_out[30]_i_1__0_n_0                                                                  |                                                                                                                                                             |                8 |             31 |
|  fisr_fixed_acc_i/processing_system7_0/inst/FCLK_CLK0 | fisr_fixed_acc_i/fisr_fixed_ip_0/inst/fisr_fixed_ip_v1_0_S00_AXI_inst/fisr/converter/E[0]                                                                            |                                                                                                                                                             |               10 |             31 |
|  fisr_fixed_acc_i/processing_system7_0/inst/FCLK_CLK0 | fisr_fixed_acc_i/ps7_0_axi_periph/s00_couplers/auto_pc/inst/gen_axilite.gen_b2s_conv.axilite_b2s/RD.r_channel_0/rd_data_fifo_0/wr_en0                                |                                                                                                                                                             |               10 |             32 |
|  fisr_fixed_acc_i/processing_system7_0/inst/FCLK_CLK0 | fisr_fixed_acc_i/fisr_fixed_ip_0/inst/fisr_fixed_ip_v1_0_S00_AXI_inst/slv_reg_rden__0                                                                                | fisr_fixed_acc_i/fisr_fixed_ip_0/inst/fisr_fixed_ip_v1_0_S00_AXI_inst/fisr/SR[0]                                                                            |                9 |             32 |
|  fisr_fixed_acc_i/processing_system7_0/inst/FCLK_CLK0 | fisr_fixed_acc_i/fisr_fixed_ip_0/inst/fisr_fixed_ip_v1_0_S00_AXI_inst/fisr/mul_reg_temp2[31]_i_1_n_0                                                                 |                                                                                                                                                             |                9 |             32 |
|  fisr_fixed_acc_i/processing_system7_0/inst/FCLK_CLK0 | fisr_fixed_acc_i/fisr_fixed_ip_0/inst/fisr_fixed_ip_v1_0_S00_AXI_inst/fisr/float_in_copy                                                                             |                                                                                                                                                             |                9 |             32 |
|  fisr_fixed_acc_i/processing_system7_0/inst/FCLK_CLK0 | fisr_fixed_acc_i/ps7_0_axi_periph/s00_couplers/auto_pc/inst/gen_axilite.gen_b2s_conv.axilite_b2s/SI_REG/r.r_pipe/p_1_in                                              |                                                                                                                                                             |                9 |             45 |
|  fisr_fixed_acc_i/processing_system7_0/inst/FCLK_CLK0 | fisr_fixed_acc_i/ps7_0_axi_periph/s00_couplers/auto_pc/inst/gen_axilite.gen_b2s_conv.axilite_b2s/SI_REG/r.r_pipe/s_ready_i_reg_0                                     |                                                                                                                                                             |               11 |             45 |
|  fisr_fixed_acc_i/processing_system7_0/inst/FCLK_CLK0 | fisr_fixed_acc_i/fisr_fixed_ip_0/inst/fisr_fixed_ip_v1_0_S00_AXI_inst/fisr/E[0]                                                                                      |                                                                                                                                                             |               29 |             90 |
|  fisr_fixed_acc_i/processing_system7_0/inst/FCLK_CLK0 |                                                                                                                                                                      |                                                                                                                                                             |               47 |            148 |
+-------------------------------------------------------+----------------------------------------------------------------------------------------------------------------------------------------------------------------------+-------------------------------------------------------------------------------------------------------------------------------------------------------------+------------------+----------------+


