Copyright 1986-2018 Xilinx, Inc. All Rights Reserved.
------------------------------------------------------------------------------------
| Tool Version : Vivado v.2018.3 (win64) Build 2405991 Thu Dec  6 23:38:27 MST 2018
| Date         : Wed Jun 16 23:18:31 2021
| Host         : albert-pc running 64-bit major release  (build 9200)
| Command      : upgrade_ip
| Device       : xc7z020clg484-1
------------------------------------------------------------------------------------

Upgrade Log for IP 'fiser_fixed_acc_fisr_fixed_ip_0_0'

1. Summary
----------

SUCCESS in the upgrade of fiser_fixed_acc_fisr_fixed_ip_0_0 (xilinx.com:user:fisr_fixed_ip:1.0) from (Rev. 14) to (Rev. 15)






Copyright 1986-2018 Xilinx, Inc. All Rights Reserved.
------------------------------------------------------------------------------------
| Tool Version : Vivado v.2018.3 (win64) Build 2405991 Thu Dec  6 23:38:27 MST 2018
| Date         : Wed Jun 16 20:03:31 2021
| Host         : albert-pc running 64-bit major release  (build 9200)
| Command      : upgrade_ip
| Device       : xc7z020clg484-1
------------------------------------------------------------------------------------

Upgrade Log for IP 'fiser_fixed_acc_fisr_fixed_ip_0_0'

1. Summary
----------

SUCCESS in the upgrade of fiser_fixed_acc_fisr_fixed_ip_0_0 (xilinx.com:user:fisr_fixed_ip:1.0) from (Rev. 12) to (Rev. 14)






Copyright 1986-2018 Xilinx, Inc. All Rights Reserved.
------------------------------------------------------------------------------------
| Tool Version : Vivado v.2018.3 (win64) Build 2405991 Thu Dec  6 23:38:27 MST 2018
| Date         : Wed Jun 16 19:34:38 2021
| Host         : albert-pc running 64-bit major release  (build 9200)
| Command      : upgrade_ip
| Device       : xc7z020clg484-1
------------------------------------------------------------------------------------

Upgrade Log for IP 'fiser_fixed_acc_fisr_fixed_ip_0_0'

1. Summary
----------

SUCCESS in the upgrade of fiser_fixed_acc_fisr_fixed_ip_0_0 (xilinx.com:user:fisr_fixed_ip:1.0) from (Rev. 11) to (Rev. 12)






Copyright 1986-2018 Xilinx, Inc. All Rights Reserved.
------------------------------------------------------------------------------------
| Tool Version : Vivado v.2018.3 (win64) Build 2405991 Thu Dec  6 23:38:27 MST 2018
| Date         : Wed Jun 16 19:32:58 2021
| Host         : albert-pc running 64-bit major release  (build 9200)
| Command      : upgrade_ip
| Device       : xc7z020clg484-1
------------------------------------------------------------------------------------

Upgrade Log for IP 'fiser_fixed_acc_fisr_fixed_ip_0_0'

1. Summary
----------

SUCCESS in the upgrade of fiser_fixed_acc_fisr_fixed_ip_0_0 (xilinx.com:user:fisr_fixed_ip:1.0) from (Rev. 9) to (Rev. 11)






Copyright 1986-2018 Xilinx, Inc. All Rights Reserved.
------------------------------------------------------------------------------------
| Tool Version : Vivado v.2018.3 (win64) Build 2405991 Thu Dec  6 23:38:27 MST 2018
| Date         : Wed Jun 16 17:51:18 2021
| Host         : albert-pc running 64-bit major release  (build 9200)
| Command      : upgrade_ip
| Device       : xc7z020clg484-1
------------------------------------------------------------------------------------

Upgrade Log for IP 'fiser_fixed_acc_fisr_fixed_ip_0_0'

1. Summary
----------

SUCCESS in the upgrade of fiser_fixed_acc_fisr_fixed_ip_0_0 (xilinx.com:user:fisr_fixed_ip:1.0) from (Rev. 8) to (Rev. 9)






Copyright 1986-2018 Xilinx, Inc. All Rights Reserved.
------------------------------------------------------------------------------------
| Tool Version : Vivado v.2018.3 (win64) Build 2405991 Thu Dec  6 23:38:27 MST 2018
| Date         : Wed Jun 16 03:06:10 2021
| Host         : albert-pc running 64-bit major release  (build 9200)
| Command      : upgrade_ip
| Device       : xc7z020clg484-1
------------------------------------------------------------------------------------

Upgrade Log for IP 'fiser_fixed_acc_fisr_fixed_ip_0_0'

1. Summary
----------

SUCCESS in the upgrade of fiser_fixed_acc_fisr_fixed_ip_0_0 (xilinx.com:user:fisr_fixed_ip:1.0) from (Rev. 6) to (Rev. 8)






Copyright 1986-2018 Xilinx, Inc. All Rights Reserved.
------------------------------------------------------------------------------------
| Tool Version : Vivado v.2018.3 (win64) Build 2405991 Thu Dec  6 23:38:27 MST 2018
| Date         : Wed Jun 16 02:42:39 2021
| Host         : albert-pc running 64-bit major release  (build 9200)
| Command      : upgrade_ip
| Device       : xc7z020clg484-1
------------------------------------------------------------------------------------

Upgrade Log for IP 'fiser_fixed_acc_fisr_fixed_ip_0_0'

1. Summary
----------

SUCCESS in the upgrade of fiser_fixed_acc_fisr_fixed_ip_0_0 (xilinx.com:user:fisr_fixed_ip:1.0) from (Rev. 5) to (Rev. 6)






Copyright 1986-2018 Xilinx, Inc. All Rights Reserved.
------------------------------------------------------------------------------------
| Tool Version : Vivado v.2018.3 (win64) Build 2405991 Thu Dec  6 23:38:27 MST 2018
| Date         : Wed Jun 16 02:20:48 2021
| Host         : albert-pc running 64-bit major release  (build 9200)
| Command      : upgrade_ip
| Device       : xc7z020clg484-1
------------------------------------------------------------------------------------

Upgrade Log for IP 'fiser_fixed_acc_fisr_fixed_ip_0_0'

1. Summary
----------

SUCCESS in the upgrade of fiser_fixed_acc_fisr_fixed_ip_0_0 (xilinx.com:user:fisr_fixed_ip:1.0) from (Rev. 4) to (Rev. 5)






Copyright 1986-2018 Xilinx, Inc. All Rights Reserved.
------------------------------------------------------------------------------------
| Tool Version : Vivado v.2018.3 (win64) Build 2405991 Thu Dec  6 23:38:27 MST 2018
| Date         : Wed Jun 16 01:23:44 2021
| Host         : albert-pc running 64-bit major release  (build 9200)
| Command      : upgrade_ip
| Device       : xc7z020clg484-1
------------------------------------------------------------------------------------

Upgrade Log for IP 'fiser_fixed_acc_fisr_fixed_ip_0_0'

1. Summary
----------

SUCCESS in the upgrade of fiser_fixed_acc_fisr_fixed_ip_0_0 (xilinx.com:user:fisr_fixed_ip:1.0) from (Rev. 3) to (Rev. 4)

