Copyright 1986-2018 Xilinx, Inc. All Rights Reserved.
------------------------------------------------------------------------------------
| Tool Version : Vivado v.2018.3 (win64) Build 2405991 Thu Dec  6 23:38:27 MST 2018
| Date         : Tue Jun 15 23:09:00 2021
| Host         : albert-pc running 64-bit major release  (build 9200)
| Command      : upgrade_ip
| Device       : xc7z020clg484-1
------------------------------------------------------------------------------------

Upgrade Log for IP 'fisr_fixed_acc_fisr_fixed_ip_0_0'

1. Summary
----------

SUCCESS in the upgrade of fisr_fixed_acc_fisr_fixed_ip_0_0 (xilinx.com:user:fisr_fixed_ip:1.0) from (Rev. 1) to (Rev. 3)






Copyright 1986-2018 Xilinx, Inc. All Rights Reserved.
------------------------------------------------------------------------------------
| Tool Version : Vivado v.2018.3 (win64) Build 2405991 Thu Dec  6 23:38:27 MST 2018
| Date         : Tue Jun 15 12:09:32 2021
| Host         : albert-pc running 64-bit major release  (build 9200)
| Command      : upgrade_ip
| Device       : xc7z020clg484-1
------------------------------------------------------------------------------------

Upgrade Log for IP 'mb_fisr_fixed_fisr_rtl_0_0'

1. Summary
----------

SUCCESS in the upgrade of mb_fisr_fixed_fisr_rtl_0_0 (xilinx.com:user:fixed_fisr_rtl:1.0) from (Rev. 5) to (Rev. 7)






Copyright 1986-2018 Xilinx, Inc. All Rights Reserved.
------------------------------------------------------------------------------------
| Tool Version : Vivado v.2018.3 (win64) Build 2405991 Thu Dec  6 23:38:27 MST 2018
| Date         : Tue Jun 15 00:56:06 2021
| Host         : albert-pc running 64-bit major release  (build 9200)
| Command      : upgrade_ip
| Device       : xc7z020clg484-1
------------------------------------------------------------------------------------

Upgrade Log for IP 'mb_fisr_fixed_fisr_rtl_0_0'

1. Summary
----------

SUCCESS in the upgrade of mb_fisr_fixed_fisr_rtl_0_0 (xilinx.com:user:fixed_fisr_rtl:1.0) from (Rev. 1) to (Rev. 5)

